<?xml version="1.0" encoding="UTF-8" ?>
<testsuite errors="2" failures="0" hostname="grayfoot.local" name="com.wm.ps.test.WmTestSuite" skipped="0" tests="2" time="83.699" timestamp="2021-08-31T16:55:53">
  <properties>
    <property name="webMethods.test.profile.result.location" value="/Applications/SoftwareAG/10.7/IntegrationServer/instances/default/packages/JcTestRunner/pub/results" />
    <property name="ant.library.dir" value="./ant/lib" />
    <property name="webMethods.test.setup.profile.mode" value="COVERAGE" />
    <property name="test.jars.dir" value="/Applications/SoftwareAG/10.7/IntegrationServer/instances/default/packages/JcHelloWorld/resources/test/jars" />
    <property name="ant.file.type" value="file" />
    <property name="java.specification.version" value="15" />
    <property name="ant.project.name" value="BuildTest" />
    <property name="sun.jnu.encoding" value="UTF-8" />
    <property name="webMethods.test.setup.filename" value="/Applications/SoftwareAG/10.7/IntegrationServer/instances/default/packages/JcHelloWorld/resources/test/setup/helloWorldTestSuite.xml" />
    <property name="webMethods.integrationServer.ssl" value="false" />
    <property name="webMethods.projects.location" value="/Applications/SoftwareAG/10.7/IntegrationServer/instances/default/packages" />
    <property name="java.class.path" value="/Applications/SoftwareAG/10.7/IntegrationServer/instances/default/packages/JcTestRunner/code/jars/commons-jxpath-1.2.jar:/Applications/SoftwareAG/10.7/IntegrationServer/instances/default/packages/JcTestRunner/code/jars/hamcrest-core.jar:/Applications/SoftwareAG/10.7/IntegrationServer/instances/default/packages/JcTestRunner/code/jars/httpunit.jar:/Applications/SoftwareAG/10.7/IntegrationServer/instances/default/packages/JcTestRunner/code/jars/junit.jar:/Applications/SoftwareAG/10.7/IntegrationServer/instances/default/packages/JcTestRunner/code/jars/serviceInterceptor.jar:/Applications/SoftwareAG/10.7/IntegrationServer/instances/default/packages/JcTestRunner/code/jars/serviceMockClient.jar:/Applications/SoftwareAG/10.7/IntegrationServer/instances/default/packages/JcTestRunner/code/jars/xmlunit1.0.jar:/Applications/SoftwareAG/10.7/common/lib/wm-isclient.jar:/Applications/SoftwareAG/10.7/common/lib/ext/icu4j.jar:/Applications/SoftwareAG/10.7/common/lib/ext/enttoolkit.jar:/Applications/SoftwareAG/10.7/IntegrationServer/lib/wm-isserver.jar:/Applications/SoftwareAG/10.7/common/lib/wm-g11nutils.jar:/Applications/SoftwareAG/10.7/common/lib/ant/ant-contrib-1.0b3.jar:/Applications/SoftwareAG/10.7/IntegrationServer/instances/default/packages/JcTestRunner/resources/jars/org.glassfish.jakarta.mail_1.6.3.jar:/Applications/SoftwareAG/10.7/IntegrationServer/instances/default/packages/JcTestRunner/resources/jars/org.glassfish.metro.webservices-api-osgi_2.4.3.jar:/Applications/SoftwareAG/10.7/IntegrationServer/instances/default/packages/JcTestRunner/resources/ant/lib/ant-launcher.jar:/Applications/SoftwareAG/10.7/IntegrationServer/instances/default/packages/JcTestRunner/resources/ant/lib/ant.jar:/Applications/SoftwareAG/10.7/IntegrationServer/instances/default/packages/JcTestRunner/resources/ant/lib/ant-junit.jar:/Applications/SoftwareAG/10.7/IntegrationServer/instances/default/packages/JcTestRunner/resources/ant/lib/ant-junit4.jar" />
    <property name="webMethods.integrationServer.port" value="5555" />
    <property name="java.vm.vendor" value="Oracle Corporation" />
    <property name="webMethods.package.name" value="JcHelloWorld" />
    <property name="sun.arch.data.model" value="64" />
    <property name="test.build.dir" value="/Applications/SoftwareAG/10.7/IntegrationServer/instances/default/packages/JcHelloWorld/resources/test/classes" />
    <property name="webMethods.integrationServer.name" value="localhost" />
    <property name="webMethods.integrationServer.userid" value="Administrator" />
    <property name="java.vendor.url" value="https://java.oracle.com/" />
    <property name="test.source.dir" value="/Applications/SoftwareAG/10.7/IntegrationServer/instances/default/packages/JcHelloWorld/resources/test/source" />
    <property name="os.name" value="Mac OS X" />
    <property name="java.vm.specification.version" value="15" />
    <property name="webMethods.package.dir" value="/Applications/SoftwareAG/10.7/IntegrationServer/instances/default/packages/JcHelloWorld" />
    <property name="user.country" value="GB" />
    <property name="sun.java.launcher" value="SUN_STANDARD" />
    <property name="webMethods.projects.filter" value="Default;JcAPITools;JcBasicTraining;JcCanonicals;JcChatClient;JcCumulocityToolsTest;JcCustomDestinations;JcDevopsConsole;JcDocumentManager;JcEtoEUseCases;JcHelloWorld;JcOAuthClient;JcOAuthResource;JcPortalServer;JcPublicTools;JcReader;JcReaderWriterCommon;JcScratch;JcTestCloudConnector;JcTestRunner;JcTestSuite;JcTestSuiteTEST;JcTextCategoriser;JcUMQueueManager;JcUserMgmt;JcWriter;JcZuoraCloudConnectorTEST;JcZuoraRestCloudConnector;OyoCoreCacheTerracotta;OyoCorePersistenceTerracotta;OyoCorePersistenceTerracottaTest;WmART;WmARTExtDC;WmAS400;WmAdmin;WmAgileAppsDeployer;WmAssetPublisher;WmBrokerDeployer;WmCloud;WmCloudStreamsDeployer;WmDeployer;WmE2eAPIAgent;WmEDI;WmEDIINT;WmEDI_UNEDIFACT_1993;WmEDIforTN;WmFlatFile;WmISExtDC;WmIntegrationLiveGit;WmIntegrationLiveServer;WmJDBCAdapter;WmJSONAPI;WmMonitor;WmNUMDeployer;WmOptimize;WmParquet;WmPredictiveAnalytics;WmPublic;WmRepository4;WmRoot;WmServiceMock;WmTN;WmVCS;WmXSLT;WxCyberark;c8yConnector;c8yPhilipsHueAgent" />
    <property name="sun.boot.library.path" value="/Library/Java/JavaVirtualMachines/jdk-15.jdk/Contents/Home/lib" />
    <property name="sun.java.command" value="org.apache.tools.ant.taskdefs.optional.junit.JUnitTestRunner com.wm.ps.test.WmTestSuite skipNonTests=false filtertrace=true haltOnError=false haltOnFailure=false formatter=org.apache.tools.ant.taskdefs.optional.junit.SummaryJUnitResultFormatter showoutput=true outputtoformatters=true logfailedtests=true threadid=0 logtestlistenerevents=false formatter=org.apache.tools.ant.taskdefs.optional.junit.XMLJUnitResultFormatter,/Applications/SoftwareAG/10.7/IntegrationServer/instances/default/packages/JcTestRunner/pub/results/TEST-JcHelloWorld_helloWorldTestSuite.xml crashfile=/Applications/SoftwareAG/10.7/IntegrationServer/instances/default/packages/JcTestRunner/resources/junitvmwatcher3691823281135253265.properties propsfile=/Applications/SoftwareAG/10.7/IntegrationServer/instances/default/packages/JcTestRunner/resources/junit3333358629163480577.properties" />
    <property name="jdk.debug" value="release" />
    <property name="java.jars.dir" value="/Applications/SoftwareAG/10.7/IntegrationServer/instances/default/packages/JcHelloWorld/resources/java/jars" />
    <property name="sun.cpu.endian" value="little" />
    <property name="user.home" value="/Users/jcart" />
    <property name="user.language" value="en" />
    <property name="resource.dir" value="/Applications/SoftwareAG/10.7/IntegrationServer/instances/default/packages/JcHelloWorld/resources" />
    <property name="java.specification.vendor" value="Oracle Corporation" />
    <property name="java.version.date" value="2020-09-15" />
    <property name="java.home" value="/Library/Java/JavaVirtualMachines/jdk-15.jdk/Contents/Home" />
    <property name="basedir" value="/Applications/SoftwareAG/10.7/IntegrationServer/instances/default/packages/JcTestRunner/resources" />
    <property name="file.separator" value="/" />
    <property name="java.vm.compressedOopsMode" value="Zero based" />
    <property name="line.separator" value="&#xa;" />
    <property name="ant.java.version" value="15" />
    <property name="java.specification.name" value="Java Platform API Specification" />
    <property name="java.vm.specification.vendor" value="Oracle Corporation" />
    <property name="setup.files.exists" value="false" />
    <property name="webMethods.lib" value="/Applications/SoftwareAG/10.7/IntegrationServer/instances/default/packages/JcTestRunner/code/jars" />
    <property name="ant.file.BuildTest" value="/Applications/SoftwareAG/10.7/IntegrationServer/instances/default/packages/JcTestRunner/resources/run-test-suites.xml" />
    <property name="valid.webMethodsTestSuite" value="true" />
    <property name="sun.management.compiler" value="HotSpot 64-Bit Tiered Compilers" />
    <property name="java.runtime.version" value="15+36-1562" />
    <property name="user.name" value="jcart" />
    <property name="ant.file" value="/Applications/SoftwareAG/10.7/IntegrationServer/instances/default/packages/JcTestRunner/resources/run-test-suites.xml" />
    <property name="file.basename" value="helloWorldTestSuite" />
    <property name="path.separator" value=":" />
    <property name="library.dir" value="/Applications/SoftwareAG/10.7/IntegrationServer/instances/default/packages/JcHelloWorld/resources/jars" />
    <property name="os.version" value="10.16" />
    <property name="java.runtime.name" value="Java(TM) SE Runtime Environment" />
    <property name="file.encoding" value="UTF-8" />
    <property name="ant.project.invoked-targets" value="run-test-suite" />
    <property name="webMethods.test.setup.external.classpath.layout" value="resources/test/classes,resources/java/classes,resources/test/jars,resources/java/jars,resources/jars," />
    <property name="java.source.dir" value="/Applications/SoftwareAG/10.7/IntegrationServer/instances/default/packages/JcHelloWorld/resources/java/source" />
    <property name="java.vm.name" value="Java HotSpot(TM) 64-Bit Server VM" />
    <property name="current.project" value="resources" />
    <property name="webMethods.integrationServer.password" value="manage" />
    <property name="test.reports.dir" value="/Applications/SoftwareAG/10.7/IntegrationServer/instances/default/packages/JcTestRunner/pub/results" />
    <property name="ant.core.lib" value="/Applications/SoftwareAG/10.7/IntegrationServer/instances/default/packages/JcTestRunner/resources/./ant/lib/ant.jar" />
    <property name="java.vendor.url.bug" value="https://bugreport.java.com/bugreport/" />
    <property name="java.io.tmpdir" value="/var/folders/f9/5v6jc8gj60vf7l3khtc3b8hc0000gn/T/" />
    <property name="webMethods.home" value="/Applications/SoftwareAG/10.7" />
    <property name="build.javac.target" value="1.8" />
    <property name="java.build.dir" value="/Applications/SoftwareAG/10.7/IntegrationServer/instances/default/packages/JcHelloWorld/resources/java/classes" />
    <property name="java.version" value="15" />
    <property name="user.dir" value="/Applications/SoftwareAG/10.7/IntegrationServer/instances/default/packages/JcHelloWorld" />
    <property name="os.arch" value="x86_64" />
    <property name="java.vm.specification.name" value="Java Virtual Machine Specification" />
    <property name="ant.home" value="./ant" />
    <property name="ant.version" value="Apache Ant(TM) version 1.10.8 compiled on May 10 2020" />
    <property name="ant.file.type.BuildTest" value="file" />
    <property name="java.library.path" value="/Users/jcart/Library/Java/Extensions:/Library/Java/Extensions:/Network/Library/Java/Extensions:/System/Library/Java/Extensions:/usr/lib/java:." />
    <property name="java.vm.info" value="mixed mode, sharing" />
    <property name="webMethods.package.dir.exists" value="true" />
    <property name="java.vendor" value="Oracle Corporation" />
    <property name="java.vm.version" value="15+36-1562" />
    <property name="sun.io.unicode.encoding" value="UnicodeBig" />
    <property name="test.xml.dir" value="/Applications/SoftwareAG/10.7/IntegrationServer/instances/default/packages/JcHelloWorld/resources/test/setup" />
    <property name="java.class.version" value="59.0" />
    <property name="ant.project.default-target" value="runall-test" />
  </properties>
  <testcase classname="com.wm.ps.test.WmTestCase" name="HelloWorld V1 Tester" time="0.057">
    <error message="greeting :Expected and actual objects don&apos;t match.: expected &lt;Hello Bob from node helloworld&gt; but was &lt;Hello Bob from node grayfoot.local&gt;" type="java.lang.AssertionError">java.lang.AssertionError: greeting :Expected and actual objects don&apos;t match.: expected &lt;Hello Bob from node helloworld&gt; but was &lt;Hello Bob from node grayfoot.local&gt;
	at com.wm.ps.test.WmAssert.assertIDataEquals(WmAssert.java:205)
	at com.wm.ps.test.WmAssert.assertEquals(WmAssert.java:75)
	at com.wm.ps.test.DefaultResultsValidator.assertValid(DefaultResultsValidator.java:168)
	at com.wm.ps.test.WmTestCase.runInvoke(WmTestCase.java:1242)
	at com.wm.ps.test.WmTestCase.runTest(WmTestCase.java:1152)
</error>
  </testcase>
  <testcase classname="com.wm.ps.test.WmTestCase" name="HelloWorld V2 Tester" time="83.629">
    <error message="com.wm.util.ServerException: java.lang.RuntimeException: com.wm.app.b2b.server.ServiceException: com.wm.app.b2b.server.ServiceException: com.wm.app.b2b.server.ServiceException: java.io.IOException: java.net.ConnectException: Operation timed out (Connection timed out)" type="com.wm.app.b2b.client.ServiceException">com.wm.app.b2b.server.ServiceException: com.wm.util.ServerException: java.lang.RuntimeException: com.wm.app.b2b.server.ServiceException: com.wm.app.b2b.server.ServiceException: com.wm.app.b2b.server.ServiceException: java.io.IOException: java.net.ConnectException: Operation timed out (Connection timed out)
	at com.jc.invoke.credentials.CredentialsInjector.process(CredentialsInjector.java:152)
	at com.wm.integrationlive.git.GitRemotePushProcessor.process(GitRemotePushProcessor.java:70)
	at wm.bci.internal.BciServiceInvokeNotifier.process(BciServiceInvokeNotifier.java:31)
	at com.wm.ps.serviceMock.ServiceInterceptor.process(ServiceInterceptor.java:360)
	at com.wm.app.b2b.server.util.tspace.ReservationProcessor.process(ReservationProcessor.java:39)
	at com.wm.app.b2b.server.invoke.StatisticsProcessor.process(StatisticsProcessor.java:53)
	at com.wm.app.b2b.server.invoke.ServiceCompletionImpl.process(ServiceCompletionImpl.java:243)
	at com.wm.app.b2b.server.invoke.ValidateProcessor.process(ValidateProcessor.java:49)
	at com.wm.app.b2b.server.invoke.PipelineProcessor.process(PipelineProcessor.java:171)
	at com.wm.app.b2b.server.ACLManager.process(ACLManager.java:339)
	at com.wm.app.b2b.server.invoke.DispatchProcessor.process(DispatchProcessor.java:33)
	at com.wm.app.b2b.server.AuditLogManager.process(AuditLogManager.java:394)
	at com.wm.app.b2b.server.invoke.InvokeManager.invoke(InvokeManager.java:629)
	at com.wm.app.b2b.server.invoke.InvokeManager.invoke(InvokeManager.java:434)
	at com.wm.app.b2b.server.invoke.InvokeManager.invoke(InvokeManager.java:392)
	at com.wm.app.b2b.server.ServiceManager.invoke(ServiceManager.java:260)
	at com.wm.app.b2b.server.comm.DefaultServerRequestHandler.handleMessage(DefaultServerRequestHandler.java:119)
	at com.wm.app.b2b.server.HTTPMessageHandler.process(HTTPMessageHandler.java:156)
	at com.wm.app.b2b.server.HTTPDispatch.handleRequest(HTTPDispatch.java:218)
	at com.wm.app.b2b.server.Dispatch.run(Dispatch.java:440)
	at com.wm.util.pool.PooledThread.run(PooledThread.java:127)
	at java.lang.Thread.run(Thread.java:748)
Caused by: com.wm.util.ServerException: java.lang.RuntimeException: com.wm.app.b2b.server.ServiceException: com.wm.app.b2b.server.ServiceException: com.wm.app.b2b.server.ServiceException: java.io.IOException: java.net.ConnectException: Operation timed out (Connection timed out)
	at com.wm.app.b2b.server.util.tspace.ReservationProcessor.process(ReservationProcessor.java:52)
	at com.wm.app.b2b.server.invoke.StatisticsProcessor.process(StatisticsProcessor.java:53)
	at com.wm.app.b2b.server.invoke.ServiceCompletionImpl.process(ServiceCompletionImpl.java:243)
	at com.wm.app.b2b.server.invoke.ValidateProcessor.process(ValidateProcessor.java:49)
	at com.wm.app.b2b.server.invoke.PipelineProcessor.process(PipelineProcessor.java:171)
	at com.wm.app.b2b.server.ACLManager.process(ACLManager.java:339)
	at com.wm.app.b2b.server.invoke.DispatchProcessor.process(DispatchProcessor.java:33)
	at com.wm.app.b2b.server.AuditLogManager.process(AuditLogManager.java:394)
	at com.wm.app.b2b.server.invoke.InvokeManager.invoke(InvokeManager.java:629)
	at com.wm.app.b2b.server.invoke.InvokeManager.invoke(InvokeManager.java:434)
	at com.wm.app.b2b.server.invoke.InvokeManager.invoke(InvokeManager.java:392)
	at com.wm.app.b2b.server.ServiceManager.invoke(ServiceManager.java:260)
	at com.wm.app.b2b.server.BaseService.invoke(BaseService.java:231)
	at com.wm.lang.flow.FlowInvoke.invoke(FlowInvoke.java:263)
	at com.wm.lang.flow.FlowState.invokeNode(FlowState.java:662)
	at com.wm.lang.flow.FlowState.step(FlowState.java:527)
	at com.wm.lang.flow.FlowState.invoke(FlowState.java:494)
	at com.wm.app.b2b.server.FlowSvcImpl.baseInvoke(FlowSvcImpl.java:1147)
	at com.wm.app.b2b.server.invoke.InvokeManager.process(InvokeManager.java:759)
	at com.jc.invoke.credentials.CredentialsInjector.process(CredentialsInjector.java:149)
Caused by: java.lang.RuntimeException: com.wm.app.b2b.server.ServiceException: com.wm.app.b2b.server.ServiceException: com.wm.app.b2b.server.ServiceException: java.io.IOException: java.net.ConnectException: Operation timed out (Connection timed out)
	at com.jc.invoke.credentials.CredentialsInjector.lambda$0(CredentialsInjector.java:130)
	at com.jc.invoke.credentials.Credentials.onAvailable(Credentials.java:31)
	at com.jc.invoke.credentials.CredentialsInjector.process(CredentialsInjector.java:92)
	at com.wm.integrationlive.git.GitRemotePushProcessor.process(GitRemotePushProcessor.java:70)
	at wm.bci.internal.BciServiceInvokeNotifier.process(BciServiceInvokeNotifier.java:31)
	at com.wm.ps.serviceMock.ServiceInterceptor.process(ServiceInterceptor.java:360)
	at com.wm.app.b2b.server.util.tspace.ReservationProcessor.process(ReservationProcessor.java:39)
Caused by: com.wm.app.b2b.server.ServiceException: com.wm.app.b2b.server.ServiceException: com.wm.app.b2b.server.ServiceException: java.io.IOException: java.net.ConnectException: Operation timed out (Connection timed out)
	at com.jc.invoke.credentials.CredentialsInjector.process(CredentialsInjector.java:152)
	at com.wm.integrationlive.git.GitRemotePushProcessor.process(GitRemotePushProcessor.java:70)
	at wm.bci.internal.BciServiceInvokeNotifier.process(BciServiceInvokeNotifier.java:31)
	at com.wm.ps.serviceMock.ServiceInterceptor.process(ServiceInterceptor.java:360)
	at com.wm.app.b2b.server.util.tspace.ReservationProcessor.process(ReservationProcessor.java:39)
	at com.wm.app.b2b.server.invoke.StatisticsProcessor.process(StatisticsProcessor.java:53)
	at com.wm.app.b2b.server.invoke.ServiceCompletionImpl.process(ServiceCompletionImpl.java:243)
	at com.wm.app.b2b.server.invoke.ValidateProcessor.process(ValidateProcessor.java:49)
	at com.wm.app.b2b.server.invoke.PipelineProcessor.process(PipelineProcessor.java:171)
	at com.wm.app.b2b.server.ACLManager.process(ACLManager.java:339)
	at com.wm.app.b2b.server.invoke.DispatchProcessor.process(DispatchProcessor.java:33)
	at com.wm.app.b2b.server.AuditLogManager.process(AuditLogManager.java:394)
	at com.wm.app.b2b.server.invoke.InvokeManager.invoke(InvokeManager.java:629)
	at com.wm.app.b2b.server.invoke.InvokeManager.invoke(InvokeManager.java:434)
	at com.wm.app.b2b.server.invoke.InvokeManager.invoke(InvokeManager.java:392)
	at com.wm.app.b2b.server.ServiceManager.invoke(ServiceManager.java:260)
	at com.wm.app.b2b.server.ServiceManager.invoke(ServiceManager.java:88)
	at com.wm.app.b2b.server.Service.doInvoke(Service.java:704)
	at com.wm.app.b2b.server.Service.doInvoke(Service.java:595)
	at com.jc.cyberark.VaultChecker.updateCredentials(VaultChecker.java:46)
	at com.jc.invoke.credentials.Credentials.updateCredentials(Credentials.java:40)
	at com.jc.invoke.credentials.ConnectionManager.update(ConnectionManager.java:58)
	at com.jc.invoke.credentials.CredentialsInjector.lambda$0(CredentialsInjector.java:113)
Caused by: com.wm.app.b2b.server.ServiceException: com.wm.app.b2b.server.ServiceException: java.io.IOException: java.net.ConnectException: Operation timed out (Connection timed out)
	at com.jc.invoke.credentials.CredentialsInjector.process(CredentialsInjector.java:152)
	at com.wm.integrationlive.git.GitRemotePushProcessor.process(GitRemotePushProcessor.java:70)
	at wm.bci.internal.BciServiceInvokeNotifier.process(BciServiceInvokeNotifier.java:31)
	at com.wm.ps.serviceMock.ServiceInterceptor.process(ServiceInterceptor.java:360)
	at com.wm.app.b2b.server.util.tspace.ReservationProcessor.process(ReservationProcessor.java:39)
	at com.wm.app.b2b.server.invoke.StatisticsProcessor.process(StatisticsProcessor.java:53)
	at com.wm.app.b2b.server.invoke.ServiceCompletionImpl.process(ServiceCompletionImpl.java:243)
	at com.wm.app.b2b.server.invoke.ValidateProcessor.process(ValidateProcessor.java:49)
	at com.wm.app.b2b.server.invoke.PipelineProcessor.process(PipelineProcessor.java:171)
	at com.wm.app.b2b.server.ACLManager.process(ACLManager.java:339)
	at com.wm.app.b2b.server.invoke.DispatchProcessor.process(DispatchProcessor.java:33)
	at com.wm.app.b2b.server.AuditLogManager.process(AuditLogManager.java:394)
	at com.wm.app.b2b.server.invoke.InvokeManager.invoke(InvokeManager.java:629)
	at com.wm.app.b2b.server.invoke.InvokeManager.invoke(InvokeManager.java:434)
	at com.wm.app.b2b.server.invoke.InvokeManager.invoke(InvokeManager.java:392)
	at com.wm.app.b2b.server.ServiceManager.invoke(ServiceManager.java:260)
	at com.wm.app.b2b.server.BaseService.invoke(BaseService.java:231)
	at com.wm.lang.flow.FlowInvoke.invoke(FlowInvoke.java:263)
	at com.wm.lang.flow.FlowState.invokeNode(FlowState.java:662)
	at com.wm.lang.flow.FlowState.step(FlowState.java:527)
	at com.wm.lang.flow.FlowState.invoke(FlowState.java:494)
	at com.wm.app.b2b.server.FlowSvcImpl.baseInvoke(FlowSvcImpl.java:1147)
	at com.wm.app.b2b.server.invoke.InvokeManager.process(InvokeManager.java:759)
	at com.jc.invoke.credentials.CredentialsInjector.process(CredentialsInjector.java:149)
Caused by: com.wm.app.b2b.server.ServiceException: java.io.IOException: java.net.ConnectException: Operation timed out (Connection timed out)
	at pub.clientimpl.http(clientimpl.java:2187)
	at com.wm.app.b2b.server.JavaService.baseInvoke(JavaService.java:404)
	at com.wm.app.b2b.server.invoke.InvokeManager.process(InvokeManager.java:759)
	at com.jc.invoke.credentials.CredentialsInjector.process(CredentialsInjector.java:149)
Caused by: java.io.IOException: java.net.ConnectException: Operation timed out (Connection timed out)
	at com.wm.ext.jsse.JSSESecureSocketFactory.newSocket(JSSESecureSocketFactory.java:547)
	at com.wm.ext.jsse.JSSESecureSocketFactory.createSocket(JSSESecureSocketFactory.java:941)
	at com.wm.ext.jsse.JSSESecureSocketFactory.createSocket(JSSESecureSocketFactory.java:467)
	at com.wm.net.socket.pool.SocketPool.getSocketWrapper(SocketPool.java:209)
	at com.wm.net.socket.pool.SocketPoolManager._getSocketWrapper(SocketPoolManager.java:159)
	at com.wm.net.socket.pool.SocketPoolManager.getSocketWrapper(SocketPoolManager.java:141)
	at com.wm.net.NetURLConnection.getSocket(NetURLConnection.java:985)
	at com.wm.net.NetURLConnection.openDirectConnection(NetURLConnection.java:963)
	at com.wm.net.NetURLConnection.connect(NetURLConnection.java:194)
	at com.wm.net.NetURLConnection.getInputStream(NetURLConnection.java:400)
	at com.wm.net.NetURLConnection.getInputStream(NetURLConnection.java:297)
	at com.wm.net.HttpContext.getFinalInputStream(HttpContext.java:1071)
	at com.wm.net.HttpContext.getInputStream(HttpContext.java:425)
	at com.wm.net.HttpContext.getInputStream(HttpContext.java:396)
	at com.wm.net.HttpContext.get(HttpContext.java:439)
	at com.wm.net.HttpContext.get(HttpContext.java:446)
	at pub.clientimpl.http(clientimpl.java:2025)
Caused by: java.net.ConnectException: Operation timed out (Connection timed out)
	at java.net.PlainSocketImpl.socketConnect(Native Method)
	at java.net.AbstractPlainSocketImpl.doConnect(AbstractPlainSocketImpl.java:350)
	at java.net.AbstractPlainSocketImpl.connectToAddress(AbstractPlainSocketImpl.java:206)
	at java.net.AbstractPlainSocketImpl.connect(AbstractPlainSocketImpl.java:188)
	at java.net.SocksSocketImpl.connect(SocksSocketImpl.java:392)
	at java.net.Socket.connect(Socket.java:607)
	at com.wm.ext.jsse.JSSESecureSocketFactory.newSocket(JSSESecureSocketFactory.java:502)
</error>
  </testcase>
  <system-out><![CDATA[]]></system-out>
  <system-err><![CDATA[com.wm.app.b2b.server.ServiceException: com.wm.util.ServerException: java.lang.RuntimeException: com.wm.app.b2b.server.ServiceException: com.wm.app.b2b.server.ServiceException: com.wm.app.b2b.server.ServiceException: java.io.IOException: java.net.ConnectException: Operation timed out (Connection timed out)
	at com.jc.invoke.credentials.CredentialsInjector.process(CredentialsInjector.java:152)
	at com.wm.integrationlive.git.GitRemotePushProcessor.process(GitRemotePushProcessor.java:70)
	at wm.bci.internal.BciServiceInvokeNotifier.process(BciServiceInvokeNotifier.java:31)
	at com.wm.ps.serviceMock.ServiceInterceptor.process(ServiceInterceptor.java:360)
	at com.wm.app.b2b.server.util.tspace.ReservationProcessor.process(ReservationProcessor.java:39)
	at com.wm.app.b2b.server.invoke.StatisticsProcessor.process(StatisticsProcessor.java:53)
	at com.wm.app.b2b.server.invoke.ServiceCompletionImpl.process(ServiceCompletionImpl.java:243)
	at com.wm.app.b2b.server.invoke.ValidateProcessor.process(ValidateProcessor.java:49)
	at com.wm.app.b2b.server.invoke.PipelineProcessor.process(PipelineProcessor.java:171)
	at com.wm.app.b2b.server.ACLManager.process(ACLManager.java:339)
	at com.wm.app.b2b.server.invoke.DispatchProcessor.process(DispatchProcessor.java:33)
	at com.wm.app.b2b.server.AuditLogManager.process(AuditLogManager.java:394)
	at com.wm.app.b2b.server.invoke.InvokeManager.invoke(InvokeManager.java:629)
	at com.wm.app.b2b.server.invoke.InvokeManager.invoke(InvokeManager.java:434)
	at com.wm.app.b2b.server.invoke.InvokeManager.invoke(InvokeManager.java:392)
	at com.wm.app.b2b.server.ServiceManager.invoke(ServiceManager.java:260)
	at com.wm.app.b2b.server.comm.DefaultServerRequestHandler.handleMessage(DefaultServerRequestHandler.java:119)
	at com.wm.app.b2b.server.HTTPMessageHandler.process(HTTPMessageHandler.java:156)
	at com.wm.app.b2b.server.HTTPDispatch.handleRequest(HTTPDispatch.java:218)
	at com.wm.app.b2b.server.Dispatch.run(Dispatch.java:440)
	at com.wm.util.pool.PooledThread.run(PooledThread.java:127)
	at java.lang.Thread.run(Thread.java:748)
Caused by: com.wm.util.ServerException: java.lang.RuntimeException: com.wm.app.b2b.server.ServiceException: com.wm.app.b2b.server.ServiceException: com.wm.app.b2b.server.ServiceException: java.io.IOException: java.net.ConnectException: Operation timed out (Connection timed out)
	at com.wm.app.b2b.server.util.tspace.ReservationProcessor.process(ReservationProcessor.java:52)
	at com.wm.app.b2b.server.invoke.StatisticsProcessor.process(StatisticsProcessor.java:53)
	at com.wm.app.b2b.server.invoke.ServiceCompletionImpl.process(ServiceCompletionImpl.java:243)
	at com.wm.app.b2b.server.invoke.ValidateProcessor.process(ValidateProcessor.java:49)
	at com.wm.app.b2b.server.invoke.PipelineProcessor.process(PipelineProcessor.java:171)
	at com.wm.app.b2b.server.ACLManager.process(ACLManager.java:339)
	at com.wm.app.b2b.server.invoke.DispatchProcessor.process(DispatchProcessor.java:33)
	at com.wm.app.b2b.server.AuditLogManager.process(AuditLogManager.java:394)
	at com.wm.app.b2b.server.invoke.InvokeManager.invoke(InvokeManager.java:629)
	at com.wm.app.b2b.server.invoke.InvokeManager.invoke(InvokeManager.java:434)
	at com.wm.app.b2b.server.invoke.InvokeManager.invoke(InvokeManager.java:392)
	at com.wm.app.b2b.server.ServiceManager.invoke(ServiceManager.java:260)
	at com.wm.app.b2b.server.BaseService.invoke(BaseService.java:231)
	at com.wm.lang.flow.FlowInvoke.invoke(FlowInvoke.java:263)
	at com.wm.lang.flow.FlowState.invokeNode(FlowState.java:662)
	at com.wm.lang.flow.FlowState.step(FlowState.java:527)
	at com.wm.lang.flow.FlowState.invoke(FlowState.java:494)
	at com.wm.app.b2b.server.FlowSvcImpl.baseInvoke(FlowSvcImpl.java:1147)
	at com.wm.app.b2b.server.invoke.InvokeManager.process(InvokeManager.java:759)
	at com.jc.invoke.credentials.CredentialsInjector.process(CredentialsInjector.java:149)
	... 21 more
Caused by: java.lang.RuntimeException: com.wm.app.b2b.server.ServiceException: com.wm.app.b2b.server.ServiceException: com.wm.app.b2b.server.ServiceException: java.io.IOException: java.net.ConnectException: Operation timed out (Connection timed out)
	at com.jc.invoke.credentials.CredentialsInjector.lambda$0(CredentialsInjector.java:130)
	at com.jc.invoke.credentials.Credentials.onAvailable(Credentials.java:31)
	at com.jc.invoke.credentials.CredentialsInjector.process(CredentialsInjector.java:92)
	at com.wm.integrationlive.git.GitRemotePushProcessor.process(GitRemotePushProcessor.java:70)
	at wm.bci.internal.BciServiceInvokeNotifier.process(BciServiceInvokeNotifier.java:31)
	at com.wm.ps.serviceMock.ServiceInterceptor.process(ServiceInterceptor.java:360)
	at com.wm.app.b2b.server.util.tspace.ReservationProcessor.process(ReservationProcessor.java:39)
	... 40 more
Caused by: com.wm.app.b2b.server.ServiceException: com.wm.app.b2b.server.ServiceException: com.wm.app.b2b.server.ServiceException: java.io.IOException: java.net.ConnectException: Operation timed out (Connection timed out)
	at com.jc.invoke.credentials.CredentialsInjector.process(CredentialsInjector.java:152)
	at com.wm.integrationlive.git.GitRemotePushProcessor.process(GitRemotePushProcessor.java:70)
	at wm.bci.internal.BciServiceInvokeNotifier.process(BciServiceInvokeNotifier.java:31)
	at com.wm.ps.serviceMock.ServiceInterceptor.process(ServiceInterceptor.java:360)
	at com.wm.app.b2b.server.util.tspace.ReservationProcessor.process(ReservationProcessor.java:39)
	at com.wm.app.b2b.server.invoke.StatisticsProcessor.process(StatisticsProcessor.java:53)
	at com.wm.app.b2b.server.invoke.ServiceCompletionImpl.process(ServiceCompletionImpl.java:243)
	at com.wm.app.b2b.server.invoke.ValidateProcessor.process(ValidateProcessor.java:49)
	at com.wm.app.b2b.server.invoke.PipelineProcessor.process(PipelineProcessor.java:171)
	at com.wm.app.b2b.server.ACLManager.process(ACLManager.java:339)
	at com.wm.app.b2b.server.invoke.DispatchProcessor.process(DispatchProcessor.java:33)
	at com.wm.app.b2b.server.AuditLogManager.process(AuditLogManager.java:394)
	at com.wm.app.b2b.server.invoke.InvokeManager.invoke(InvokeManager.java:629)
	at com.wm.app.b2b.server.invoke.InvokeManager.invoke(InvokeManager.java:434)
	at com.wm.app.b2b.server.invoke.InvokeManager.invoke(InvokeManager.java:392)
	at com.wm.app.b2b.server.ServiceManager.invoke(ServiceManager.java:260)
	at com.wm.app.b2b.server.ServiceManager.invoke(ServiceManager.java:88)
	at com.wm.app.b2b.server.Service.doInvoke(Service.java:704)
	at com.wm.app.b2b.server.Service.doInvoke(Service.java:595)
	at com.jc.cyberark.VaultChecker.updateCredentials(VaultChecker.java:46)
	at com.jc.invoke.credentials.Credentials.updateCredentials(Credentials.java:40)
	at com.jc.invoke.credentials.ConnectionManager.update(ConnectionManager.java:58)
	at com.jc.invoke.credentials.CredentialsInjector.lambda$0(CredentialsInjector.java:113)
	... 46 more
Caused by: com.wm.app.b2b.server.ServiceException: com.wm.app.b2b.server.ServiceException: java.io.IOException: java.net.ConnectException: Operation timed out (Connection timed out)
	at com.jc.invoke.credentials.CredentialsInjector.process(CredentialsInjector.java:152)
	at com.wm.integrationlive.git.GitRemotePushProcessor.process(GitRemotePushProcessor.java:70)
	at wm.bci.internal.BciServiceInvokeNotifier.process(BciServiceInvokeNotifier.java:31)
	at com.wm.ps.serviceMock.ServiceInterceptor.process(ServiceInterceptor.java:360)
	at com.wm.app.b2b.server.util.tspace.ReservationProcessor.process(ReservationProcessor.java:39)
	at com.wm.app.b2b.server.invoke.StatisticsProcessor.process(StatisticsProcessor.java:53)
	at com.wm.app.b2b.server.invoke.ServiceCompletionImpl.process(ServiceCompletionImpl.java:243)
	at com.wm.app.b2b.server.invoke.ValidateProcessor.process(ValidateProcessor.java:49)
	at com.wm.app.b2b.server.invoke.PipelineProcessor.process(PipelineProcessor.java:171)
	at com.wm.app.b2b.server.ACLManager.process(ACLManager.java:339)
	at com.wm.app.b2b.server.invoke.DispatchProcessor.process(DispatchProcessor.java:33)
	at com.wm.app.b2b.server.AuditLogManager.process(AuditLogManager.java:394)
	at com.wm.app.b2b.server.invoke.InvokeManager.invoke(InvokeManager.java:629)
	at com.wm.app.b2b.server.invoke.InvokeManager.invoke(InvokeManager.java:434)
	at com.wm.app.b2b.server.invoke.InvokeManager.invoke(InvokeManager.java:392)
	at com.wm.app.b2b.server.ServiceManager.invoke(ServiceManager.java:260)
	at com.wm.app.b2b.server.BaseService.invoke(BaseService.java:231)
	at com.wm.lang.flow.FlowInvoke.invoke(FlowInvoke.java:263)
	at com.wm.lang.flow.FlowState.invokeNode(FlowState.java:662)
	at com.wm.lang.flow.FlowState.step(FlowState.java:527)
	at com.wm.lang.flow.FlowState.invoke(FlowState.java:494)
	at com.wm.app.b2b.server.FlowSvcImpl.baseInvoke(FlowSvcImpl.java:1147)
	at com.wm.app.b2b.server.invoke.InvokeManager.process(InvokeManager.java:759)
	at com.jc.invoke.credentials.CredentialsInjector.process(CredentialsInjector.java:149)
	... 68 more
Caused by: com.wm.app.b2b.server.ServiceException: java.io.IOException: java.net.ConnectException: Operation timed out (Connection timed out)
	at pub.clientimpl.http(clientimpl.java:2187)
	at sun.reflect.NativeMethodAccessorImpl.invoke0(Native Method)
	at sun.reflect.NativeMethodAccessorImpl.invoke(NativeMethodAccessorImpl.java:62)
	at sun.reflect.DelegatingMethodAccessorImpl.invoke(DelegatingMethodAccessorImpl.java:43)
	at java.lang.reflect.Method.invoke(Method.java:498)
	at com.wm.app.b2b.server.JavaService.baseInvoke(JavaService.java:404)
	at com.wm.app.b2b.server.invoke.InvokeManager.process(InvokeManager.java:759)
	at com.jc.invoke.credentials.CredentialsInjector.process(CredentialsInjector.java:149)
	... 91 more
Caused by: java.io.IOException: java.net.ConnectException: Operation timed out (Connection timed out)
	at com.wm.ext.jsse.JSSESecureSocketFactory.newSocket(JSSESecureSocketFactory.java:547)
	at com.wm.ext.jsse.JSSESecureSocketFactory.createSocket(JSSESecureSocketFactory.java:941)
	at com.wm.ext.jsse.JSSESecureSocketFactory.createSocket(JSSESecureSocketFactory.java:467)
	at com.wm.net.socket.pool.SocketPool.getSocketWrapper(SocketPool.java:209)
	at com.wm.net.socket.pool.SocketPoolManager._getSocketWrapper(SocketPoolManager.java:159)
	at com.wm.net.socket.pool.SocketPoolManager.getSocketWrapper(SocketPoolManager.java:141)
	at com.wm.net.NetURLConnection.getSocket(NetURLConnection.java:985)
	at com.wm.net.NetURLConnection.openDirectConnection(NetURLConnection.java:963)
	at com.wm.net.NetURLConnection.connect(NetURLConnection.java:194)
	at com.wm.net.NetURLConnection.getInputStream(NetURLConnection.java:400)
	at com.wm.net.NetURLConnection.getInputStream(NetURLConnection.java:297)
	at com.wm.net.HttpContext.getFinalInputStream(HttpContext.java:1071)
	at com.wm.net.HttpContext.getInputStream(HttpContext.java:425)
	at com.wm.net.HttpContext.getInputStream(HttpContext.java:396)
	at com.wm.net.HttpContext.get(HttpContext.java:439)
	at com.wm.net.HttpContext.get(HttpContext.java:446)
	at pub.clientimpl.http(clientimpl.java:2025)
	... 98 more
Caused by: java.net.ConnectException: Operation timed out (Connection timed out)
	at java.net.PlainSocketImpl.socketConnect(Native Method)
	at java.net.AbstractPlainSocketImpl.doConnect(AbstractPlainSocketImpl.java:350)
	at java.net.AbstractPlainSocketImpl.connectToAddress(AbstractPlainSocketImpl.java:206)
	at java.net.AbstractPlainSocketImpl.connect(AbstractPlainSocketImpl.java:188)
	at java.net.SocksSocketImpl.connect(SocksSocketImpl.java:392)
	at java.net.Socket.connect(Socket.java:607)
	at com.wm.ext.jsse.JSSESecureSocketFactory.newSocket(JSSESecureSocketFactory.java:502)
	... 114 more
]]></system-err>
</testsuite>
